----------

Mon Oct 04 2021 16:04:59 GMT+0300 (Восточная Европа, летнее время)

warning: LF will be replaced by CRLF in assets/bootstrap/css/bootstrap.min.css.
The file will have its original line endings in your working directory


----------

Mon Oct 04 2021 16:04:59 GMT+0300 (Восточная Европа, летнее время)

warning: LF will be replaced by CRLF in assets/bootstrap/js/bootstrap.min.js.
The file will have its original line endings in your working directory


----------

Mon Oct 04 2021 16:04:59 GMT+0300 (Восточная Европа, летнее время)

warning: LF will be replaced by CRLF in assets/img/BTC-Miner-1.svg.
The file will have its original line endings in your working directory


----------

Mon Oct 04 2021 16:04:59 GMT+0300 (Восточная Европа, летнее время)

warning: LF will be replaced by CRLF in assets/img/BTC-Miner-2.svg.
The file will have its original line endings in your working directory


----------

Mon Oct 04 2021 16:04:59 GMT+0300 (Восточная Европа, летнее время)

warning: LF will be replaced by CRLF in assets/img/BTC-Withdraw.svg.
The file will have its original line endings in your working directory


----------

Mon Oct 04 2021 16:04:59 GMT+0300 (Восточная Европа, летнее время)

warning: LF will be replaced by CRLF in assets/js/jquery.min.js.
The file will have its original line endings in your working directory


----------

Mon Oct 04 2021 16:04:59 GMT+0300 (Восточная Европа, летнее время)

warning: LF will be replaced by CRLF in index.html.
The file will have its original line endings in your working directory


----------

Mon Oct 04 2021 16:04:59 GMT+0300 (Восточная Европа, летнее время)

warning: LF will be replaced by CRLF in stop-mining.html.
The file will have its original line endings in your working directory


----------

Mon Oct 04 2021 16:04:59 GMT+0300 (Восточная Европа, летнее время)

warning: LF will be replaced by CRLF in withdraw.html.
The file will have its original line endings in your working directory


----------

Mon Oct 04 2021 16:05:01 GMT+0300 (Восточная Европа, летнее время)

To https://github.com/Kiterfiter/BTC-Note4x.git
   a099764..835c2b1  main -> main


----------

Mon Oct 04 2021 16:14:01 GMT+0300 (Восточная Европа, летнее время)

warning: LF will be replaced by CRLF in assets/bootstrap/css/bootstrap.min.css.
The file will have its original line endings in your working directory


----------

Mon Oct 04 2021 16:14:01 GMT+0300 (Восточная Европа, летнее время)

warning: LF will be replaced by CRLF in assets/bootstrap/js/bootstrap.min.js.
The file will have its original line endings in your working directory


----------

Mon Oct 04 2021 16:14:01 GMT+0300 (Восточная Европа, летнее время)

warning: LF will be replaced by CRLF in assets/img/BTC-Miner-1.svg.
The file will have its original line endings in your working directory


----------

Mon Oct 04 2021 16:14:01 GMT+0300 (Восточная Европа, летнее время)

warning: LF will be replaced by CRLF in assets/img/BTC-Miner-2.svg.
The file will have its original line endings in your working directory


----------

Mon Oct 04 2021 16:14:01 GMT+0300 (Восточная Европа, летнее время)

warning: LF will be replaced by CRLF in assets/img/BTC-Withdraw.svg.
The file will have its original line endings in your working directory


----------

Mon Oct 04 2021 16:14:01 GMT+0300 (Восточная Европа, летнее время)

warning: LF will be replaced by CRLF in assets/js/jquery.min.js.
The file will have its original line endings in your working directory


----------

Mon Oct 04 2021 16:14:01 GMT+0300 (Восточная Европа, летнее время)

warning: LF will be replaced by CRLF in index.html.
The file will have its original line endings in your working directory


----------

Mon Oct 04 2021 16:14:01 GMT+0300 (Восточная Европа, летнее время)

warning: LF will be replaced by CRLF in stop-mining.html.
The file will have its original line endings in your working directory


----------

Mon Oct 04 2021 16:14:01 GMT+0300 (Восточная Европа, летнее время)

warning: LF will be replaced by CRLF in withdraw.html.
The file will have its original line endings in your working directory


----------

Mon Oct 04 2021 16:14:01 GMT+0300 (Восточная Европа, летнее время)

warning: LF will be replaced by CRLF in error.log.
The file will have its original line endings in your working directory


----------

Mon Oct 04 2021 16:14:03 GMT+0300 (Восточная Европа, летнее время)

To https://github.com/Kiterfiter/BTC-Note4x.git
   835c2b1..aa3fed0  main -> main


